2025-05-10 07:16:25,369 [INFO] Activator:176 - 


2025-05-10 07:16:25,437 [INFO] Activator:177 - !SESSION log4j initialized
2025-05-10 07:17:13,335 [INFO] LogOutputStream:77 - [STDOUT_REDIRECT] 
2025-05-10 07:17:18,077 [INFO] ApplicationProperties:184 - Using Application install path: C:\ST\STM32CubeIDE_1.18.1\STM32CubeIDE\plugins\com.st.stm32cube.common.mx_6.14.1.202504091515
2025-05-10 07:17:18,107 [INFO] DbMcusXml:78 - Set database path to: C:\ST\STM32CubeIDE_1.18.1\STM32CubeIDE\plugins\com.st.stm32cube.common.mx_6.14.1.202504091515\\db\/mcu/
2025-05-10 07:17:18,108 [INFO] ApiDb:274 - Set plugin database path to: C:\ST\STM32CubeIDE_1.18.1\STM32CubeIDE\plugins\com.st.stm32cube.common.mx_6.14.1.202504091515\\db\/plugins/boardmanager/
2025-05-10 07:17:18,108 [WARN] ApiDb:259 - Overriding images path with different value:  => C:\ST\STM32CubeIDE_1.18.1\STM32CubeIDE\plugins\com.st.stm32cube.common.mx_6.14.1.202504091515\\db\/plugins/mcufinder/images/
2025-05-10 07:17:18,124 [INFO] ApiDb:250 - Set database path to: C:\Users\Hareesh\.stmcufinder\plugins\mcufinder//mcu/
2025-05-10 07:17:18,125 [INFO] DbMcusAds:125 - Set database path to: C:\Users\Hareesh\.stmcufinder\plugins\mcufinder//mcu/
2025-05-10 07:17:18,130 [INFO] CrossReferenceDbSqlite:203 - Set database path to: C:\Users\Hareesh\.stmcufinder\plugins\mcufinder//mcu/cs/
2025-05-10 07:17:18,436 [INFO] RulesReader:64 - Compatibility file has been processed (302 Rules)
2025-05-10 07:17:18,609 [INFO] DbMcusXml:78 - Set database path to: C:\ST\STM32CubeIDE_1.18.1\STM32CubeIDE\plugins\com.st.stm32cube.common.mx_6.14.1.202504091515\\db\/mcu/
2025-05-10 07:17:18,609 [INFO] ApiDb:274 - Set plugin database path to: C:\ST\STM32CubeIDE_1.18.1\STM32CubeIDE\plugins\com.st.stm32cube.common.mx_6.14.1.202504091515\\db\/plugins/boardmanager/
2025-05-10 07:17:18,609 [INFO] ApiDb:261 - Set plugin images path to: C:\ST\STM32CubeIDE_1.18.1\STM32CubeIDE\plugins\com.st.stm32cube.common.mx_6.14.1.202504091515\\db\/plugins/mcufinder/images/
2025-05-10 07:17:18,609 [WARN] DbFile:41 - Overriding database path with different value: C:\Users\Hareesh\.stmcufinder\plugins\mcufinder/ => C:\Users\Hareesh\.stmcufinder\plugins\mcufinder
2025-05-10 07:17:18,611 [INFO] ApiDb:250 - Set database path to: C:\Users\Hareesh\.stmcufinder\plugins\mcufinder//mcu/
2025-05-10 07:17:18,611 [WARN] DbFile:41 - Overriding database path with different value: C:\Users\Hareesh\.stmcufinder\plugins\mcufinder/ => C:\Users\Hareesh\.stmcufinder\plugins\mcufinder
2025-05-10 07:17:18,611 [INFO] DbMcusAds:125 - Set database path to: C:\Users\Hareesh\.stmcufinder\plugins\mcufinder//mcu/
2025-05-10 07:17:18,611 [WARN] DbFile:41 - Overriding database path with different value: C:\Users\Hareesh\.stmcufinder\plugins\mcufinder/ => C:\Users\Hareesh\.stmcufinder\plugins\mcufinder
2025-05-10 07:17:18,611 [WARN] DbFile:41 - Overriding database path with different value: C:\Users\Hareesh\.stmcufinder\plugins\mcufinder/ => C:\Users\Hareesh\.stmcufinder\plugins\mcufinder
2025-05-10 07:17:18,611 [INFO] CrossReferenceDbSqlite:203 - Set database path to: C:\Users\Hareesh\.stmcufinder\plugins\mcufinder//mcu/cs/
2025-05-10 07:17:18,788 [INFO] MainPanel:272 - HeapMemory: 268435456
2025-05-10 07:17:19,052 [INFO] DbMcusXml:78 - Set database path to: C:\ST\STM32CubeIDE_1.18.1\STM32CubeIDE\plugins\com.st.stm32cube.common.mx_6.14.1.202504091515\\db\/mcu/
2025-05-10 07:17:19,052 [INFO] ApiDb:274 - Set plugin database path to: C:\ST\STM32CubeIDE_1.18.1\STM32CubeIDE\plugins\com.st.stm32cube.common.mx_6.14.1.202504091515\\db\/plugins/boardmanager/
2025-05-10 07:17:19,052 [INFO] ApiDb:261 - Set plugin images path to: C:\ST\STM32CubeIDE_1.18.1\STM32CubeIDE\plugins\com.st.stm32cube.common.mx_6.14.1.202504091515\\db\/plugins/mcufinder/images/
2025-05-10 07:17:19,054 [WARN] DbFile:41 - Overriding database path with different value: C:\Users\Hareesh\.stmcufinder\plugins\mcufinder/ => C:\Users\Hareesh\.stmcufinder\plugins\mcufinder
2025-05-10 07:17:19,054 [INFO] ApiDb:250 - Set database path to: C:\Users\Hareesh\.stmcufinder\plugins\mcufinder//mcu/
2025-05-10 07:17:19,054 [WARN] DbFile:41 - Overriding database path with different value: C:\Users\Hareesh\.stmcufinder\plugins\mcufinder/ => C:\Users\Hareesh\.stmcufinder\plugins\mcufinder
2025-05-10 07:17:19,054 [INFO] DbMcusAds:125 - Set database path to: C:\Users\Hareesh\.stmcufinder\plugins\mcufinder//mcu/
2025-05-10 07:17:19,054 [WARN] DbFile:41 - Overriding database path with different value: C:\Users\Hareesh\.stmcufinder\plugins\mcufinder/ => C:\Users\Hareesh\.stmcufinder\plugins\mcufinder
2025-05-10 07:17:19,054 [WARN] DbFile:41 - Overriding database path with different value: C:\Users\Hareesh\.stmcufinder\plugins\mcufinder/ => C:\Users\Hareesh\.stmcufinder\plugins\mcufinder
2025-05-10 07:17:19,054 [INFO] CrossReferenceDbSqlite:203 - Set database path to: C:\Users\Hareesh\.stmcufinder\plugins\mcufinder//mcu/cs/
2025-05-10 07:17:19,104 [INFO] ApplicationProperties:184 - Using Application install path: C:\ST\STM32CubeIDE_1.18.1\STM32CubeIDE\plugins\com.st.stm32cube.common.mx_6.14.1.202504091515
2025-05-10 07:17:19,106 [INFO] PluginManage:196 - Search for loadable plugins [exclusion list=, ]
2025-05-10 07:17:19,114 [INFO] PluginManage:310 - Check plugin analytics
2025-05-10 07:17:19,794 [INFO] AnalyticsPlugin:253 - Accepted Software Licenses: 
2025-05-10 07:17:19,795 [INFO] AnalyticsPlugin:255 - Accepted CMSIS Pack Licenses: 
2025-05-10 07:17:19,797 [INFO] AnalyticsPlugin:257 - Accepted Firmware Licenses: 
2025-05-10 07:17:19,803 [INFO] PluginManage:359 - Loaded plugin analytics (category:tool,tabindex:-1)
2025-05-10 07:17:19,805 [INFO] PluginManage:310 - Check plugin cadmodel
2025-05-10 07:17:19,840 [INFO] CADModel:105 - Init CAD model plugin
2025-05-10 07:17:19,840 [INFO] PluginManage:359 - Loaded plugin cadmodel (category:power,tabindex:5)
2025-05-10 07:17:19,842 [INFO] PluginManage:310 - Check plugin clock
2025-05-10 07:17:19,890 [INFO] PluginManage:359 - Loaded plugin clock (category:base,tabindex:2)
2025-05-10 07:17:19,890 [INFO] PluginManage:310 - Check plugin ddr
2025-05-10 07:17:19,897 [INFO] PluginManage:359 - Loaded plugin ddr (category:tool,tabindex:6)
2025-05-10 07:17:19,900 [INFO] PluginManage:310 - Check plugin filemanager
2025-05-10 07:17:20,273 [INFO] PluginManage:359 - Loaded plugin filemanager (category:base,tabindex:10)
2025-05-10 07:17:20,273 [INFO] PluginManage:310 - Check plugin ipmanager
2025-05-10 07:17:20,306 [INFO] PluginManage:359 - Loaded plugin ipmanager (category:base,tabindex:5)
2025-05-10 07:17:20,307 [INFO] PluginManage:310 - Check plugin lpbam
2025-05-10 07:17:20,359 [INFO] PluginManage:359 - Loaded plugin lpbam (category:base,tabindex:0)
2025-05-10 07:17:20,363 [INFO] PluginManage:310 - Check plugin memorymap
2025-05-10 07:17:20,414 [INFO] PluginManage:359 - Loaded plugin memorymap (category:base,tabindex:4)
2025-05-10 07:17:20,414 [INFO] PluginManage:310 - Check plugin pinoutandconfiguration
2025-05-10 07:17:20,460 [INFO] PluginManage:359 - Loaded plugin pinoutandconfiguration (category:base,tabindex:1)
2025-05-10 07:17:20,460 [INFO] PluginManage:310 - Check plugin pinoutconfig
2025-05-10 07:17:20,713 [WARN] SupportedApi:132 - Cannot load RTOS API schema: s4s-elt-must-match.1: The content of 'definitions' must match (annotation?, (simpleType | complexType)?, (unique | key | keyref)*)). A problem was found starting at: attribute.
2025-05-10 07:17:21,119 [INFO] PluginManage:359 - Loaded plugin pinoutconfig (category:base,tabindex:0)
2025-05-10 07:17:21,119 [INFO] PluginManage:310 - Check plugin power
2025-05-10 07:17:21,168 [INFO] PluginManage:359 - Loaded plugin power (category:power,tabindex:4)
2025-05-10 07:17:21,169 [INFO] PluginManage:310 - Check plugin projectmanager
2025-05-10 07:17:21,235 [INFO] PluginManage:359 - Loaded plugin projectmanager (category:projectmanager,tabindex:4)
2025-05-10 07:17:21,235 [INFO] PluginManage:310 - Check plugin rif
2025-05-10 07:17:21,273 [INFO] PluginManage:359 - Loaded plugin rif (category:base,tabindex:3)
2025-05-10 07:17:21,273 [INFO] PluginManage:310 - Check plugin thirdparty
2025-05-10 07:17:21,938 [INFO] PluginManage:359 - Loaded plugin thirdparty (category:base,tabindex:-1)
2025-05-10 07:17:21,939 [INFO] PluginManage:310 - Check plugin tools
2025-05-10 07:17:21,938 [WARN] IntegrityCheckThread:84 - waiting for thirdparty lock release [integrity check]
2025-05-10 07:17:21,939 [INFO] IntegrityCheckThread:86 - entering critical section [integrity check]
2025-05-10 07:17:21,939 [INFO] ThirdPartyUpdaterWithRetryManager:70 - Updater plugin not ready yet. [1/15]
2025-05-10 07:17:22,028 [INFO] PluginManage:359 - Loaded plugin tools (category:base,tabindex:7)
2025-05-10 07:17:22,028 [INFO] PluginManage:310 - Check plugin tutovideos
2025-05-10 07:17:23,153 [INFO] PluginManage:359 - Loaded plugin tutovideos (category:base,tabindex:-1)
2025-05-10 07:17:23,154 [INFO] PluginManage:310 - Check plugin updater
2025-05-10 07:17:23,306 [INFO] PluginManage:359 - Loaded plugin updater (category:base,tabindex:12)
2025-05-10 07:17:23,306 [INFO] PluginManage:310 - Check plugin userauth
2025-05-10 07:17:23,331 [INFO] UserAuth:118 - Init User Auth plugin
2025-05-10 07:17:23,333 [INFO] PluginManage:359 - Loaded plugin userauth (category:base,tabindex:14)
2025-05-10 07:17:23,334 [INFO] PluginManage:283 - PluginManage : Loaded plugins [18]
2025-05-10 07:17:24,942 [INFO] ThirdPartyUpdaterWithRetryManager:70 - Updater plugin not ready yet. [2/15]
2025-05-10 07:17:24,979 [INFO] PinOutPanel:1589 - setPackage(No Configuration,No Configuration)
2025-05-10 07:17:25,250 [INFO] CADModel:165 - CPN selected for project level
2025-05-10 07:17:25,250 [INFO] CADModel:114 - Register for checkConnection events
2025-05-10 07:17:25,312 [INFO] IPUIPlugin:80 - create IPUIPlugin
2025-05-10 07:17:25,313 [INFO] PluginManager:220 - loadIPPluginJar : add adc
2025-05-10 07:17:25,400 [INFO] IPUIPlugin:80 - create IPUIPlugin
2025-05-10 07:17:25,400 [INFO] PluginManager:220 - loadIPPluginJar : add aes
2025-05-10 07:17:25,562 [INFO] IPUIPlugin:80 - create IPUIPlugin
2025-05-10 07:17:25,563 [INFO] PluginManager:220 - loadIPPluginJar : add can
2025-05-10 07:17:25,624 [INFO] IPUIPlugin:80 - create IPUIPlugin
2025-05-10 07:17:25,624 [INFO] PluginManager:220 - loadIPPluginJar : add comp
2025-05-10 07:17:25,722 [INFO] IPUIPlugin:80 - create IPUIPlugin
2025-05-10 07:17:25,722 [INFO] PluginManager:220 - loadIPPluginJar : add cryp
2025-05-10 07:17:25,762 [INFO] IPUIPlugin:80 - create IPUIPlugin
2025-05-10 07:17:25,762 [INFO] PluginManager:220 - loadIPPluginJar : add ddr_ctrl_phy
2025-05-10 07:17:25,872 [INFO] IPUIPlugin:80 - create IPUIPlugin
2025-05-10 07:17:25,880 [INFO] PluginManager:220 - loadIPPluginJar : add dfsdm
2025-05-10 07:17:25,932 [INFO] IPUIPlugin:80 - create IPUIPlugin
2025-05-10 07:17:25,934 [INFO] PluginManager:220 - loadIPPluginJar : add dma
2025-05-10 07:17:26,086 [INFO] IPUIPlugin:80 - create IPUIPlugin
2025-05-10 07:17:26,086 [INFO] PluginManager:220 - loadIPPluginJar : add dma3
2025-05-10 07:17:26,264 [INFO] IPUIPlugin:80 - create IPUIPlugin
2025-05-10 07:17:26,264 [INFO] PluginManager:220 - loadIPPluginJar : add extmemmanager
2025-05-10 07:17:26,372 [INFO] IPUIPlugin:80 - create IPUIPlugin
2025-05-10 07:17:26,372 [INFO] PluginManager:220 - loadIPPluginJar : add fatfs
2025-05-10 07:17:26,554 [INFO] IPUIPlugin:80 - create IPUIPlugin
2025-05-10 07:17:26,554 [INFO] PluginManager:220 - loadIPPluginJar : add fmc
2025-05-10 07:17:26,614 [INFO] IPUIPlugin:80 - create IPUIPlugin
2025-05-10 07:17:26,614 [INFO] PluginManager:220 - loadIPPluginJar : add freertos
2025-05-10 07:17:26,672 [INFO] IPUIPlugin:80 - create IPUIPlugin
2025-05-10 07:17:26,672 [INFO] PluginManager:220 - loadIPPluginJar : add genericplugin
2025-05-10 07:17:27,018 [INFO] IPUIPlugin:80 - create IPUIPlugin
2025-05-10 07:17:27,018 [INFO] PluginManager:220 - loadIPPluginJar : add gfxmmu
2025-05-10 07:17:27,766 [INFO] IPUIPlugin:80 - create IPUIPlugin
2025-05-10 07:17:27,766 [INFO] PluginManager:220 - loadIPPluginJar : add gic
2025-05-10 07:17:27,835 [INFO] IPUIPlugin:80 - create IPUIPlugin
2025-05-10 07:17:27,835 [INFO] PluginManager:220 - loadIPPluginJar : add gpio
2025-05-10 07:17:27,949 [INFO] ThirdPartyUpdaterWithRetryManager:70 - Updater plugin not ready yet. [3/15]
2025-05-10 07:17:28,220 [INFO] IPUIPlugin:80 - create IPUIPlugin
2025-05-10 07:17:28,220 [INFO] PluginManager:220 - loadIPPluginJar : add gtzc
2025-05-10 07:17:28,368 [INFO] IPUIPlugin:80 - create IPUIPlugin
2025-05-10 07:17:28,368 [INFO] PluginManager:220 - loadIPPluginJar : add hash
2025-05-10 07:17:28,544 [INFO] IPUIPlugin:80 - create IPUIPlugin
2025-05-10 07:17:28,544 [INFO] PluginManager:220 - loadIPPluginJar : add i2c
2025-05-10 07:17:28,670 [INFO] IPUIPlugin:80 - create IPUIPlugin
2025-05-10 07:17:28,671 [INFO] PluginManager:220 - loadIPPluginJar : add i2s
2025-05-10 07:17:28,817 [INFO] IPUIPlugin:80 - create IPUIPlugin
2025-05-10 07:17:28,818 [INFO] PluginManager:220 - loadIPPluginJar : add i3c
2025-05-10 07:17:29,172 [INFO] IPUIPlugin:80 - create IPUIPlugin
2025-05-10 07:17:29,172 [INFO] PluginManager:220 - loadIPPluginJar : add ipddr
2025-05-10 07:17:29,500 [INFO] IPUIPlugin:80 - create IPUIPlugin
2025-05-10 07:17:29,500 [INFO] PluginManager:220 - loadIPPluginJar : add linkedlist
2025-05-10 07:17:29,622 [INFO] IPUIPlugin:80 - create IPUIPlugin
2025-05-10 07:17:29,622 [INFO] PluginManager:220 - loadIPPluginJar : add lorawan
2025-05-10 07:17:29,799 [INFO] IPUIPlugin:80 - create IPUIPlugin
2025-05-10 07:17:29,799 [INFO] PluginManager:220 - loadIPPluginJar : add ltdc
2025-05-10 07:17:29,872 [INFO] IPUIPlugin:80 - create IPUIPlugin
2025-05-10 07:17:29,872 [INFO] PluginManager:220 - loadIPPluginJar : add mdma
2025-05-10 07:17:29,915 [INFO] IPUIPlugin:80 - create IPUIPlugin
2025-05-10 07:17:29,915 [INFO] PluginManager:220 - loadIPPluginJar : add nvic
2025-05-10 07:17:30,032 [INFO] IPUIPlugin:80 - create IPUIPlugin
2025-05-10 07:17:30,033 [INFO] PluginManager:220 - loadIPPluginJar : add opamp
2025-05-10 07:17:30,263 [INFO] IPUIPlugin:80 - create IPUIPlugin
2025-05-10 07:17:30,263 [INFO] PluginManager:220 - loadIPPluginJar : add openamp
2025-05-10 07:17:30,484 [INFO] IPUIPlugin:80 - create IPUIPlugin
2025-05-10 07:17:30,484 [INFO] PluginManager:220 - loadIPPluginJar : add pdm2pcm
2025-05-10 07:17:30,522 [INFO] IPUIPlugin:80 - create IPUIPlugin
2025-05-10 07:17:30,534 [INFO] PluginManager:220 - loadIPPluginJar : add plateformsettings
2025-05-10 07:17:30,613 [INFO] IPUIPlugin:80 - create IPUIPlugin
2025-05-10 07:17:30,614 [INFO] PluginManager:220 - loadIPPluginJar : add quadspi
2025-05-10 07:17:30,687 [INFO] IPUIPlugin:80 - create IPUIPlugin
2025-05-10 07:17:30,689 [INFO] PluginManager:220 - loadIPPluginJar : add radio
2025-05-10 07:17:30,735 [INFO] IPUIPlugin:80 - create IPUIPlugin
2025-05-10 07:17:30,735 [INFO] PluginManager:220 - loadIPPluginJar : add resmgrutility
2025-05-10 07:17:30,874 [INFO] IPUIPlugin:80 - create IPUIPlugin
2025-05-10 07:17:30,874 [INFO] PluginManager:220 - loadIPPluginJar : add sai
2025-05-10 07:17:30,955 [INFO] ThirdPartyUpdaterWithRetryManager:70 - Updater plugin not ready yet. [4/15]
2025-05-10 07:17:30,999 [INFO] IPUIPlugin:80 - create IPUIPlugin
2025-05-10 07:17:30,999 [INFO] PluginManager:220 - loadIPPluginJar : add spi
2025-05-10 07:17:31,257 [INFO] IPUIPlugin:80 - create IPUIPlugin
2025-05-10 07:17:31,257 [INFO] PluginManager:220 - loadIPPluginJar : add stm32_wpan
2025-05-10 07:17:31,368 [INFO] IPUIPlugin:80 - create IPUIPlugin
2025-05-10 07:17:31,368 [INFO] PluginManager:220 - loadIPPluginJar : add tim
2025-05-10 07:17:31,551 [INFO] IPUIPlugin:80 - create IPUIPlugin
2025-05-10 07:17:31,552 [INFO] PluginManager:220 - loadIPPluginJar : add touchsensing
2025-05-10 07:17:31,671 [INFO] IPUIPlugin:80 - create IPUIPlugin
2025-05-10 07:17:31,671 [INFO] PluginManager:220 - loadIPPluginJar : add tracer_emb
2025-05-10 07:17:31,853 [INFO] IPUIPlugin:80 - create IPUIPlugin
2025-05-10 07:17:31,854 [INFO] PluginManager:220 - loadIPPluginJar : add ts
2025-05-10 07:17:32,085 [INFO] IPUIPlugin:80 - create IPUIPlugin
2025-05-10 07:17:32,086 [INFO] PluginManager:220 - loadIPPluginJar : add tsc
2025-05-10 07:17:32,262 [INFO] IPUIPlugin:80 - create IPUIPlugin
2025-05-10 07:17:32,266 [INFO] PluginManager:220 - loadIPPluginJar : add ucpd
2025-05-10 07:17:32,483 [INFO] IPUIPlugin:80 - create IPUIPlugin
2025-05-10 07:17:32,484 [INFO] PluginManager:220 - loadIPPluginJar : add usart
2025-05-10 07:17:32,644 [INFO] IPUIPlugin:80 - create IPUIPlugin
2025-05-10 07:17:32,645 [INFO] PluginManager:220 - loadIPPluginJar : add usbx
2025-05-10 07:17:33,105 [FATAL] Updater:351 - Updater called before beeing initialized
2025-05-10 07:17:33,605 [INFO] RulesReader:64 - Compatibility file has been processed (302 Rules)
2025-05-10 07:17:33,722 [INFO] RulesReader:64 - Compatibility file has been processed (302 Rules)
2025-05-10 07:17:33,896 [INFO] CADModel:165 - CPN selected for project level
2025-05-10 07:17:33,901 [INFO] CADModel:114 - Register for checkConnection events
2025-05-10 07:17:33,901 [FATAL] Updater:351 - Updater called before beeing initialized
2025-05-10 07:17:33,901 [ERROR] CADModel:125 - Updater not yet initialized, retry later 
2025-05-10 07:17:33,966 [INFO] ThirdPartyUpdaterWithRetryManager:70 - Updater plugin not ready yet. [5/15]
2025-05-10 07:17:34,832 [FATAL] Updater:351 - Updater called before beeing initialized
2025-05-10 07:17:34,836 [INFO] CADModel:165 - CPN selected for project level
2025-05-10 07:17:34,836 [INFO] CADModel:114 - Register for checkConnection events
2025-05-10 07:17:34,836 [FATAL] Updater:351 - Updater called before beeing initialized
2025-05-10 07:17:34,836 [ERROR] CADModel:125 - Updater not yet initialized, retry later 
2025-05-10 07:17:34,851 [FATAL] Updater:351 - Updater called before beeing initialized
2025-05-10 07:17:35,396 [FATAL] Updater:351 - Updater called before beeing initialized
2025-05-10 07:17:35,420 [INFO] DbMcusAds:53 - JSON generation date=Thu Mar 06 20:24:22 IST 2025 (1741272862204)
2025-05-10 07:17:35,421 [FATAL] Updater:351 - Updater called before beeing initialized
2025-05-10 07:17:35,537 [WARN] DetailPanel:346 - Failed to get advertising image, set to default
2025-05-10 07:17:36,270 [FATAL] Updater:351 - Updater called before beeing initialized
2025-05-10 07:17:36,278 [FATAL] Updater:351 - Updater called before beeing initialized
2025-05-10 07:17:36,278 [FATAL] Updater:351 - Updater called before beeing initialized
2025-05-10 07:17:36,279 [WARN] DetailPanel:346 - Failed to get advertising image, set to default
2025-05-10 07:17:36,302 [FATAL] Updater:351 - Updater called before beeing initialized
2025-05-10 07:17:36,954 [ERROR] Updater:1198 - MainUpdater not yet initialized. External WinMGr cannot be set.
2025-05-10 07:17:36,983 [FATAL] Updater:351 - Updater called before beeing initialized
2025-05-10 07:17:36,985 [ERROR] IntegrityCheckThread:130 - Cannot retrieve database content from updater: error 21
2025-05-10 07:17:36,986 [INFO] ThirdParty:978 - Integrity check success = false
2025-05-10 07:17:36,986 [INFO] IntegrityCheckThread:100 - exiting critical section [integrity check]
2025-05-10 07:17:36,986 [INFO] IntegrityCheckThread:103 - End integrity checks thread
2025-05-10 07:17:36,988 [INFO] Updater:1134 - Updater Version found : 6.14.1
2025-05-10 07:17:37,040 [INFO] ApplicationProperties:184 - Using Application install path: C:\ST\STM32CubeIDE_1.18.1\STM32CubeIDE\plugins\com.st.stm32cube.common.mx_6.14.1.202504091515
2025-05-10 07:17:38,756 [ERROR] LogOutputStream:75 - [STDERR_REDIRECT] May 10, 2025 7:17:38 AM java.util.prefs.WindowsPreferences <init>
2025-05-10 07:17:38,773 [ERROR] LogOutputStream:75 - [STDERR_REDIRECT] WARNING: Could not open/create prefs root node Software\JavaSoft\Prefs at root 0xffffffff80000002. Windows RegCreateKeyEx(...) returned error code 5.
2025-05-10 07:17:38,774 [ERROR] LogOutputStream:75 - [STDERR_REDIRECT] 
2025-05-10 07:17:40,772 [INFO] MainUpdater:2872 - connection check result : 10
2025-05-10 07:17:40,773 [INFO] MainUpdater:289 - Updater Check For Update Now.
2025-05-10 07:17:40,778 [INFO] MicroXplorer:498 - Change Database Version : DB.6.0.141
2025-05-10 07:17:40,888 [INFO] McuFinderGlobals:63 - Set McuFinder mode to 2 (CubeIDE integrated)
2025-05-10 07:17:40,889 [INFO] UserAuth:171 - activating auth plugin
2025-05-10 07:17:40,951 [INFO] UserAuth:484 - Internet connection configuration mode: 1
2025-05-10 07:17:41,081 [INFO] JxBrowserEngine:152 - Initiate JxBrowser Engine with user profile folder
2025-05-10 07:17:41,840 [INFO] CheckServerUpdateThread:120 - End of CheckServer Thread
2025-05-10 07:17:47,354 [INFO] WebApp:169 - Instantiating new browser for Auth
2025-05-10 07:17:51,594 [INFO] WebApp:463 - Apply proxy settings
2025-05-10 07:17:51,594 [INFO] WebApp:548 - Chromium requires no authentication
2025-05-10 07:17:51,645 [INFO] WebApp:491 - Direct internet connection detected
2025-05-10 07:17:51,811 [INFO] WebApp:894 - Register for checkConnection events
2025-05-10 07:17:51,811 [INFO] WebApp:463 - Apply proxy settings
2025-05-10 07:17:51,811 [INFO] WebApp:548 - Chromium requires no authentication
2025-05-10 07:17:51,818 [INFO] WebApp:491 - Direct internet connection detected
2025-05-10 07:17:53,480 [INFO] WebApp:191 - Connection restablished
2025-05-10 07:17:54,213 [INFO] WebApp:225 - Starting web application
2025-05-10 07:17:54,214 [INFO] WebApp:593 - Web application path used C:\ST\STM32CubeIDE_1.18.1\STM32CubeIDE\plugins\com.st.stm32cube.common.mx_6.14.1.202504091515\db\plugins\mcufinder\reactClient1\index.html
2025-05-10 07:49:13,944 [ERROR] ConfigurationRetriever:142 - IOException on connection: Connect timed out
2025-05-10 08:23:17,556 [ERROR] LogOutputStream:75 - [STDERR_REDIRECT] 
