2025-05-03 07:05:21,085 [INFO] Activator:176 - 


2025-05-03 07:05:21,099 [INFO] Activator:177 - !SESSION log4j initialized
2025-05-03 07:05:38,409 [INFO] LogOutputStream:77 - [STDOUT_REDIRECT] 
2025-05-03 07:05:41,545 [INFO] ApplicationProperties:184 - Using Application install path: C:\ST\STM32CubeIDE_1.18.1\STM32CubeIDE\plugins\com.st.stm32cube.common.mx_6.14.1.202504091515
2025-05-03 07:05:41,582 [INFO] DbMcusXml:78 - Set database path to: C:\ST\STM32CubeIDE_1.18.1\STM32CubeIDE\plugins\com.st.stm32cube.common.mx_6.14.1.202504091515\\db\/mcu/
2025-05-03 07:05:41,582 [INFO] ApiDb:274 - Set plugin database path to: C:\ST\STM32CubeIDE_1.18.1\STM32CubeIDE\plugins\com.st.stm32cube.common.mx_6.14.1.202504091515\\db\/plugins/boardmanager/
2025-05-03 07:05:41,582 [WARN] ApiDb:259 - Overriding images path with different value:  => C:\ST\STM32CubeIDE_1.18.1\STM32CubeIDE\plugins\com.st.stm32cube.common.mx_6.14.1.202504091515\\db\/plugins/mcufinder/images/
2025-05-03 07:05:41,602 [INFO] ApiDb:250 - Set database path to: C:\Users\Hareesh\.stmcufinder\plugins\mcufinder//mcu/
2025-05-03 07:05:41,604 [INFO] DbMcusAds:125 - Set database path to: C:\Users\Hareesh\.stmcufinder\plugins\mcufinder//mcu/
2025-05-03 07:05:41,612 [INFO] CrossReferenceDbSqlite:203 - Set database path to: C:\Users\Hareesh\.stmcufinder\plugins\mcufinder//mcu/cs/
2025-05-03 07:05:41,933 [INFO] RulesReader:64 - Compatibility file has been processed (302 Rules)
2025-05-03 07:05:42,119 [INFO] DbMcusXml:78 - Set database path to: C:\ST\STM32CubeIDE_1.18.1\STM32CubeIDE\plugins\com.st.stm32cube.common.mx_6.14.1.202504091515\\db\/mcu/
2025-05-03 07:05:42,119 [INFO] ApiDb:274 - Set plugin database path to: C:\ST\STM32CubeIDE_1.18.1\STM32CubeIDE\plugins\com.st.stm32cube.common.mx_6.14.1.202504091515\\db\/plugins/boardmanager/
2025-05-03 07:05:42,120 [INFO] ApiDb:261 - Set plugin images path to: C:\ST\STM32CubeIDE_1.18.1\STM32CubeIDE\plugins\com.st.stm32cube.common.mx_6.14.1.202504091515\\db\/plugins/mcufinder/images/
2025-05-03 07:05:42,120 [WARN] DbFile:41 - Overriding database path with different value: C:\Users\Hareesh\.stmcufinder\plugins\mcufinder/ => C:\Users\Hareesh\.stmcufinder\plugins\mcufinder
2025-05-03 07:05:42,121 [INFO] ApiDb:250 - Set database path to: C:\Users\Hareesh\.stmcufinder\plugins\mcufinder//mcu/
2025-05-03 07:05:42,121 [WARN] DbFile:41 - Overriding database path with different value: C:\Users\Hareesh\.stmcufinder\plugins\mcufinder/ => C:\Users\Hareesh\.stmcufinder\plugins\mcufinder
2025-05-03 07:05:42,121 [INFO] DbMcusAds:125 - Set database path to: C:\Users\Hareesh\.stmcufinder\plugins\mcufinder//mcu/
2025-05-03 07:05:42,121 [WARN] DbFile:41 - Overriding database path with different value: C:\Users\Hareesh\.stmcufinder\plugins\mcufinder/ => C:\Users\Hareesh\.stmcufinder\plugins\mcufinder
2025-05-03 07:05:42,121 [WARN] DbFile:41 - Overriding database path with different value: C:\Users\Hareesh\.stmcufinder\plugins\mcufinder/ => C:\Users\Hareesh\.stmcufinder\plugins\mcufinder
2025-05-03 07:05:42,121 [INFO] CrossReferenceDbSqlite:203 - Set database path to: C:\Users\Hareesh\.stmcufinder\plugins\mcufinder//mcu/cs/
2025-05-03 07:05:42,271 [INFO] MainPanel:272 - HeapMemory: 268435456
2025-05-03 07:05:42,474 [INFO] DbMcusXml:78 - Set database path to: C:\ST\STM32CubeIDE_1.18.1\STM32CubeIDE\plugins\com.st.stm32cube.common.mx_6.14.1.202504091515\\db\/mcu/
2025-05-03 07:05:42,474 [INFO] ApiDb:274 - Set plugin database path to: C:\ST\STM32CubeIDE_1.18.1\STM32CubeIDE\plugins\com.st.stm32cube.common.mx_6.14.1.202504091515\\db\/plugins/boardmanager/
2025-05-03 07:05:42,475 [INFO] ApiDb:261 - Set plugin images path to: C:\ST\STM32CubeIDE_1.18.1\STM32CubeIDE\plugins\com.st.stm32cube.common.mx_6.14.1.202504091515\\db\/plugins/mcufinder/images/
2025-05-03 07:05:42,475 [WARN] DbFile:41 - Overriding database path with different value: C:\Users\Hareesh\.stmcufinder\plugins\mcufinder/ => C:\Users\Hareesh\.stmcufinder\plugins\mcufinder
2025-05-03 07:05:42,475 [INFO] ApiDb:250 - Set database path to: C:\Users\Hareesh\.stmcufinder\plugins\mcufinder//mcu/
2025-05-03 07:05:42,476 [WARN] DbFile:41 - Overriding database path with different value: C:\Users\Hareesh\.stmcufinder\plugins\mcufinder/ => C:\Users\Hareesh\.stmcufinder\plugins\mcufinder
2025-05-03 07:05:42,476 [INFO] DbMcusAds:125 - Set database path to: C:\Users\Hareesh\.stmcufinder\plugins\mcufinder//mcu/
2025-05-03 07:05:42,476 [WARN] DbFile:41 - Overriding database path with different value: C:\Users\Hareesh\.stmcufinder\plugins\mcufinder/ => C:\Users\Hareesh\.stmcufinder\plugins\mcufinder
2025-05-03 07:05:42,476 [WARN] DbFile:41 - Overriding database path with different value: C:\Users\Hareesh\.stmcufinder\plugins\mcufinder/ => C:\Users\Hareesh\.stmcufinder\plugins\mcufinder
2025-05-03 07:05:42,476 [INFO] CrossReferenceDbSqlite:203 - Set database path to: C:\Users\Hareesh\.stmcufinder\plugins\mcufinder//mcu/cs/
2025-05-03 07:05:42,517 [INFO] ApplicationProperties:184 - Using Application install path: C:\ST\STM32CubeIDE_1.18.1\STM32CubeIDE\plugins\com.st.stm32cube.common.mx_6.14.1.202504091515
2025-05-03 07:05:42,520 [INFO] PluginManage:196 - Search for loadable plugins [exclusion list=, ]
2025-05-03 07:05:42,523 [INFO] PluginManage:310 - Check plugin analytics
2025-05-03 07:05:42,981 [INFO] AnalyticsPlugin:253 - Accepted Software Licenses: 
2025-05-03 07:05:42,983 [INFO] AnalyticsPlugin:255 - Accepted CMSIS Pack Licenses: 
2025-05-03 07:05:42,984 [INFO] AnalyticsPlugin:257 - Accepted Firmware Licenses: 
2025-05-03 07:05:42,992 [INFO] PluginManage:359 - Loaded plugin analytics (category:tool,tabindex:-1)
2025-05-03 07:05:42,993 [INFO] PluginManage:310 - Check plugin cadmodel
2025-05-03 07:05:43,023 [INFO] CADModel:105 - Init CAD model plugin
2025-05-03 07:05:43,024 [INFO] PluginManage:359 - Loaded plugin cadmodel (category:power,tabindex:5)
2025-05-03 07:05:43,024 [INFO] PluginManage:310 - Check plugin clock
2025-05-03 07:05:43,058 [INFO] PluginManage:359 - Loaded plugin clock (category:base,tabindex:2)
2025-05-03 07:05:43,058 [INFO] PluginManage:310 - Check plugin ddr
2025-05-03 07:05:43,063 [INFO] PluginManage:359 - Loaded plugin ddr (category:tool,tabindex:6)
2025-05-03 07:05:43,064 [INFO] PluginManage:310 - Check plugin filemanager
2025-05-03 07:05:43,322 [INFO] PluginManage:359 - Loaded plugin filemanager (category:base,tabindex:10)
2025-05-03 07:05:43,322 [INFO] PluginManage:310 - Check plugin ipmanager
2025-05-03 07:05:43,341 [INFO] PluginManage:359 - Loaded plugin ipmanager (category:base,tabindex:5)
2025-05-03 07:05:43,341 [INFO] PluginManage:310 - Check plugin lpbam
2025-05-03 07:05:43,381 [INFO] PluginManage:359 - Loaded plugin lpbam (category:base,tabindex:0)
2025-05-03 07:05:43,382 [INFO] PluginManage:310 - Check plugin memorymap
2025-05-03 07:05:43,425 [INFO] PluginManage:359 - Loaded plugin memorymap (category:base,tabindex:4)
2025-05-03 07:05:43,425 [INFO] PluginManage:310 - Check plugin pinoutandconfiguration
2025-05-03 07:05:43,467 [INFO] PluginManage:359 - Loaded plugin pinoutandconfiguration (category:base,tabindex:1)
2025-05-03 07:05:43,467 [INFO] PluginManage:310 - Check plugin pinoutconfig
2025-05-03 07:05:43,662 [WARN] SupportedApi:132 - Cannot load RTOS API schema: s4s-elt-must-match.1: The content of 'definitions' must match (annotation?, (simpleType | complexType)?, (unique | key | keyref)*)). A problem was found starting at: attribute.
2025-05-03 07:05:43,983 [INFO] PluginManage:359 - Loaded plugin pinoutconfig (category:base,tabindex:0)
2025-05-03 07:05:43,983 [INFO] PluginManage:310 - Check plugin power
2025-05-03 07:05:44,029 [INFO] PluginManage:359 - Loaded plugin power (category:power,tabindex:4)
2025-05-03 07:05:44,030 [INFO] PluginManage:310 - Check plugin projectmanager
2025-05-03 07:05:44,077 [INFO] PluginManage:359 - Loaded plugin projectmanager (category:projectmanager,tabindex:4)
2025-05-03 07:05:44,078 [INFO] PluginManage:310 - Check plugin rif
2025-05-03 07:05:44,121 [INFO] PluginManage:359 - Loaded plugin rif (category:base,tabindex:3)
2025-05-03 07:05:44,122 [INFO] PluginManage:310 - Check plugin thirdparty
2025-05-03 07:05:44,727 [WARN] IntegrityCheckThread:84 - waiting for thirdparty lock release [integrity check]
2025-05-03 07:05:44,729 [INFO] IntegrityCheckThread:86 - entering critical section [integrity check]
2025-05-03 07:05:44,729 [INFO] ThirdPartyUpdaterWithRetryManager:70 - Updater plugin not ready yet. [1/15]
2025-05-03 07:05:44,730 [INFO] PluginManage:359 - Loaded plugin thirdparty (category:base,tabindex:-1)
2025-05-03 07:05:44,730 [INFO] PluginManage:310 - Check plugin tools
2025-05-03 07:05:44,807 [INFO] PluginManage:359 - Loaded plugin tools (category:base,tabindex:7)
2025-05-03 07:05:44,807 [INFO] PluginManage:310 - Check plugin tutovideos
2025-05-03 07:05:45,308 [INFO] PluginManage:359 - Loaded plugin tutovideos (category:base,tabindex:-1)
2025-05-03 07:05:45,309 [INFO] PluginManage:310 - Check plugin updater
2025-05-03 07:05:45,373 [INFO] PluginManage:359 - Loaded plugin updater (category:base,tabindex:12)
2025-05-03 07:05:45,374 [INFO] PluginManage:310 - Check plugin userauth
2025-05-03 07:05:45,384 [INFO] UserAuth:118 - Init User Auth plugin
2025-05-03 07:05:45,386 [INFO] PluginManage:359 - Loaded plugin userauth (category:base,tabindex:14)
2025-05-03 07:05:45,387 [INFO] PluginManage:283 - PluginManage : Loaded plugins [18]
2025-05-03 07:05:45,900 [INFO] PinOutPanel:1589 - setPackage(No Configuration,No Configuration)
2025-05-03 07:05:46,075 [INFO] CADModel:165 - CPN selected for project level
2025-05-03 07:05:46,075 [INFO] CADModel:114 - Register for checkConnection events
2025-05-03 07:05:46,137 [INFO] IPUIPlugin:80 - create IPUIPlugin
2025-05-03 07:05:46,138 [INFO] PluginManager:220 - loadIPPluginJar : add adc
2025-05-03 07:05:46,228 [INFO] IPUIPlugin:80 - create IPUIPlugin
2025-05-03 07:05:46,229 [INFO] PluginManager:220 - loadIPPluginJar : add aes
2025-05-03 07:05:46,317 [INFO] IPUIPlugin:80 - create IPUIPlugin
2025-05-03 07:05:46,319 [INFO] PluginManager:220 - loadIPPluginJar : add can
2025-05-03 07:05:46,392 [INFO] IPUIPlugin:80 - create IPUIPlugin
2025-05-03 07:05:46,393 [INFO] PluginManager:220 - loadIPPluginJar : add comp
2025-05-03 07:05:46,465 [INFO] IPUIPlugin:80 - create IPUIPlugin
2025-05-03 07:05:46,466 [INFO] PluginManager:220 - loadIPPluginJar : add cryp
2025-05-03 07:05:46,491 [INFO] IPUIPlugin:80 - create IPUIPlugin
2025-05-03 07:05:46,491 [INFO] PluginManager:220 - loadIPPluginJar : add ddr_ctrl_phy
2025-05-03 07:05:46,555 [INFO] IPUIPlugin:80 - create IPUIPlugin
2025-05-03 07:05:46,555 [INFO] PluginManager:220 - loadIPPluginJar : add dfsdm
2025-05-03 07:05:46,585 [INFO] IPUIPlugin:80 - create IPUIPlugin
2025-05-03 07:05:46,586 [INFO] PluginManager:220 - loadIPPluginJar : add dma
2025-05-03 07:05:46,671 [INFO] IPUIPlugin:80 - create IPUIPlugin
2025-05-03 07:05:46,671 [INFO] PluginManager:220 - loadIPPluginJar : add dma3
2025-05-03 07:05:46,764 [INFO] IPUIPlugin:80 - create IPUIPlugin
2025-05-03 07:05:46,764 [INFO] PluginManager:220 - loadIPPluginJar : add extmemmanager
2025-05-03 07:05:46,812 [INFO] IPUIPlugin:80 - create IPUIPlugin
2025-05-03 07:05:46,813 [INFO] PluginManager:220 - loadIPPluginJar : add fatfs
2025-05-03 07:05:46,918 [INFO] IPUIPlugin:80 - create IPUIPlugin
2025-05-03 07:05:46,918 [INFO] PluginManager:220 - loadIPPluginJar : add fmc
2025-05-03 07:05:46,951 [INFO] IPUIPlugin:80 - create IPUIPlugin
2025-05-03 07:05:46,952 [INFO] PluginManager:220 - loadIPPluginJar : add freertos
2025-05-03 07:05:47,001 [INFO] IPUIPlugin:80 - create IPUIPlugin
2025-05-03 07:05:47,001 [INFO] PluginManager:220 - loadIPPluginJar : add genericplugin
2025-05-03 07:05:47,220 [INFO] IPUIPlugin:80 - create IPUIPlugin
2025-05-03 07:05:47,221 [INFO] PluginManager:220 - loadIPPluginJar : add gfxmmu
2025-05-03 07:05:47,495 [INFO] IPUIPlugin:80 - create IPUIPlugin
2025-05-03 07:05:47,495 [INFO] PluginManager:220 - loadIPPluginJar : add gic
2025-05-03 07:05:47,519 [INFO] IPUIPlugin:80 - create IPUIPlugin
2025-05-03 07:05:47,519 [INFO] PluginManager:220 - loadIPPluginJar : add gpio
2025-05-03 07:05:47,707 [INFO] IPUIPlugin:80 - create IPUIPlugin
2025-05-03 07:05:47,708 [INFO] PluginManager:220 - loadIPPluginJar : add gtzc
2025-05-03 07:05:47,731 [INFO] ThirdPartyUpdaterWithRetryManager:70 - Updater plugin not ready yet. [2/15]
2025-05-03 07:05:47,780 [INFO] IPUIPlugin:80 - create IPUIPlugin
2025-05-03 07:05:47,781 [INFO] PluginManager:220 - loadIPPluginJar : add hash
2025-05-03 07:05:47,890 [INFO] IPUIPlugin:80 - create IPUIPlugin
2025-05-03 07:05:47,890 [INFO] PluginManager:220 - loadIPPluginJar : add i2c
2025-05-03 07:05:47,970 [INFO] IPUIPlugin:80 - create IPUIPlugin
2025-05-03 07:05:47,970 [INFO] PluginManager:220 - loadIPPluginJar : add i2s
2025-05-03 07:05:48,052 [INFO] IPUIPlugin:80 - create IPUIPlugin
2025-05-03 07:05:48,052 [INFO] PluginManager:220 - loadIPPluginJar : add i3c
2025-05-03 07:05:48,242 [INFO] IPUIPlugin:80 - create IPUIPlugin
2025-05-03 07:05:48,243 [INFO] PluginManager:220 - loadIPPluginJar : add ipddr
2025-05-03 07:05:48,423 [INFO] IPUIPlugin:80 - create IPUIPlugin
2025-05-03 07:05:48,424 [INFO] PluginManager:220 - loadIPPluginJar : add linkedlist
2025-05-03 07:05:48,498 [INFO] IPUIPlugin:80 - create IPUIPlugin
2025-05-03 07:05:48,498 [INFO] PluginManager:220 - loadIPPluginJar : add lorawan
2025-05-03 07:05:48,582 [INFO] IPUIPlugin:80 - create IPUIPlugin
2025-05-03 07:05:48,583 [INFO] PluginManager:220 - loadIPPluginJar : add ltdc
2025-05-03 07:05:48,610 [INFO] IPUIPlugin:80 - create IPUIPlugin
2025-05-03 07:05:48,610 [INFO] PluginManager:220 - loadIPPluginJar : add mdma
2025-05-03 07:05:48,631 [INFO] IPUIPlugin:80 - create IPUIPlugin
2025-05-03 07:05:48,632 [INFO] PluginManager:220 - loadIPPluginJar : add nvic
2025-05-03 07:05:48,703 [INFO] IPUIPlugin:80 - create IPUIPlugin
2025-05-03 07:05:48,703 [INFO] PluginManager:220 - loadIPPluginJar : add opamp
2025-05-03 07:05:48,828 [INFO] IPUIPlugin:80 - create IPUIPlugin
2025-05-03 07:05:48,828 [INFO] PluginManager:220 - loadIPPluginJar : add openamp
2025-05-03 07:05:48,922 [INFO] IPUIPlugin:80 - create IPUIPlugin
2025-05-03 07:05:48,922 [INFO] PluginManager:220 - loadIPPluginJar : add pdm2pcm
2025-05-03 07:05:48,949 [INFO] IPUIPlugin:80 - create IPUIPlugin
2025-05-03 07:05:48,953 [INFO] PluginManager:220 - loadIPPluginJar : add plateformsettings
2025-05-03 07:05:48,997 [INFO] IPUIPlugin:80 - create IPUIPlugin
2025-05-03 07:05:48,997 [INFO] PluginManager:220 - loadIPPluginJar : add quadspi
2025-05-03 07:05:49,049 [INFO] IPUIPlugin:80 - create IPUIPlugin
2025-05-03 07:05:49,050 [INFO] PluginManager:220 - loadIPPluginJar : add radio
2025-05-03 07:05:49,074 [INFO] IPUIPlugin:80 - create IPUIPlugin
2025-05-03 07:05:49,074 [INFO] PluginManager:220 - loadIPPluginJar : add resmgrutility
2025-05-03 07:05:49,165 [INFO] IPUIPlugin:80 - create IPUIPlugin
2025-05-03 07:05:49,166 [INFO] PluginManager:220 - loadIPPluginJar : add sai
2025-05-03 07:05:49,239 [INFO] IPUIPlugin:80 - create IPUIPlugin
2025-05-03 07:05:49,240 [INFO] PluginManager:220 - loadIPPluginJar : add spi
2025-05-03 07:05:49,381 [INFO] IPUIPlugin:80 - create IPUIPlugin
2025-05-03 07:05:49,381 [INFO] PluginManager:220 - loadIPPluginJar : add stm32_wpan
2025-05-03 07:05:49,433 [INFO] IPUIPlugin:80 - create IPUIPlugin
2025-05-03 07:05:49,433 [INFO] PluginManager:220 - loadIPPluginJar : add tim
2025-05-03 07:05:49,552 [INFO] IPUIPlugin:80 - create IPUIPlugin
2025-05-03 07:05:49,552 [INFO] PluginManager:220 - loadIPPluginJar : add touchsensing
2025-05-03 07:05:49,597 [INFO] IPUIPlugin:80 - create IPUIPlugin
2025-05-03 07:05:49,597 [INFO] PluginManager:220 - loadIPPluginJar : add tracer_emb
2025-05-03 07:05:49,643 [INFO] IPUIPlugin:80 - create IPUIPlugin
2025-05-03 07:05:49,644 [INFO] PluginManager:220 - loadIPPluginJar : add ts
2025-05-03 07:05:49,689 [INFO] IPUIPlugin:80 - create IPUIPlugin
2025-05-03 07:05:49,689 [INFO] PluginManager:220 - loadIPPluginJar : add tsc
2025-05-03 07:05:49,732 [INFO] IPUIPlugin:80 - create IPUIPlugin
2025-05-03 07:05:49,733 [INFO] PluginManager:220 - loadIPPluginJar : add ucpd
2025-05-03 07:05:49,821 [INFO] IPUIPlugin:80 - create IPUIPlugin
2025-05-03 07:05:49,821 [INFO] PluginManager:220 - loadIPPluginJar : add usart
2025-05-03 07:05:49,907 [INFO] IPUIPlugin:80 - create IPUIPlugin
2025-05-03 07:05:49,908 [INFO] PluginManager:220 - loadIPPluginJar : add usbx
2025-05-03 07:05:50,106 [FATAL] Updater:351 - Updater called before beeing initialized
2025-05-03 07:05:50,170 [INFO] RulesReader:64 - Compatibility file has been processed (302 Rules)
2025-05-03 07:05:50,188 [INFO] RulesReader:64 - Compatibility file has been processed (302 Rules)
2025-05-03 07:05:50,206 [INFO] CADModel:165 - CPN selected for project level
2025-05-03 07:05:50,207 [INFO] CADModel:114 - Register for checkConnection events
2025-05-03 07:05:50,207 [FATAL] Updater:351 - Updater called before beeing initialized
2025-05-03 07:05:50,208 [ERROR] CADModel:125 - Updater not yet initialized, retry later 
2025-05-03 07:05:50,597 [FATAL] Updater:351 - Updater called before beeing initialized
2025-05-03 07:05:50,600 [INFO] CADModel:165 - CPN selected for project level
2025-05-03 07:05:50,600 [INFO] CADModel:114 - Register for checkConnection events
2025-05-03 07:05:50,600 [FATAL] Updater:351 - Updater called before beeing initialized
2025-05-03 07:05:50,600 [ERROR] CADModel:125 - Updater not yet initialized, retry later 
2025-05-03 07:05:50,607 [FATAL] Updater:351 - Updater called before beeing initialized
2025-05-03 07:05:50,733 [INFO] ThirdPartyUpdaterWithRetryManager:70 - Updater plugin not ready yet. [3/15]
2025-05-03 07:05:50,893 [FATAL] Updater:351 - Updater called before beeing initialized
2025-05-03 07:05:50,912 [INFO] DbMcusAds:53 - JSON generation date=Thu Mar 06 20:24:22 IST 2025 (1741272862204)
2025-05-03 07:05:50,912 [FATAL] Updater:351 - Updater called before beeing initialized
2025-05-03 07:05:50,972 [WARN] DetailPanel:346 - Failed to get advertising image, set to default
2025-05-03 07:05:51,359 [FATAL] Updater:351 - Updater called before beeing initialized
2025-05-03 07:05:51,364 [FATAL] Updater:351 - Updater called before beeing initialized
2025-05-03 07:05:51,364 [FATAL] Updater:351 - Updater called before beeing initialized
2025-05-03 07:05:51,364 [WARN] DetailPanel:346 - Failed to get advertising image, set to default
2025-05-03 07:05:51,368 [FATAL] Updater:351 - Updater called before beeing initialized
2025-05-03 07:05:51,495 [ERROR] Updater:1198 - MainUpdater not yet initialized. External WinMGr cannot be set.
2025-05-03 07:05:51,513 [INFO] Updater:1134 - Updater Version found : 6.14.1
2025-05-03 07:05:51,544 [INFO] ApplicationProperties:184 - Using Application install path: C:\ST\STM32CubeIDE_1.18.1\STM32CubeIDE\plugins\com.st.stm32cube.common.mx_6.14.1.202504091515
2025-05-03 07:05:53,146 [ERROR] LogOutputStream:75 - [STDERR_REDIRECT] May 03, 2025 7:05:53 AM java.util.prefs.WindowsPreferences <init>
2025-05-03 07:05:53,149 [ERROR] LogOutputStream:75 - [STDERR_REDIRECT] WARNING: Could not open/create prefs root node Software\JavaSoft\Prefs at root 0xffffffff80000002. Windows RegCreateKeyEx(...) returned error code 5.
2025-05-03 07:05:53,149 [ERROR] LogOutputStream:75 - [STDERR_REDIRECT] 
2025-05-03 07:05:53,735 [FATAL] Updater:351 - Updater called before beeing initialized
2025-05-03 07:05:53,736 [ERROR] IntegrityCheckThread:130 - Cannot retrieve database content from updater: error 21
2025-05-03 07:05:53,736 [INFO] ThirdParty:978 - Integrity check success = false
2025-05-03 07:05:53,736 [INFO] IntegrityCheckThread:100 - exiting critical section [integrity check]
2025-05-03 07:05:53,736 [INFO] IntegrityCheckThread:103 - End integrity checks thread
2025-05-03 07:05:53,744 [INFO] MainUpdater:2872 - connection check result : 10
2025-05-03 07:05:53,744 [INFO] MainUpdater:3566 - Updater definition file requires update
2025-05-03 07:05:53,746 [INFO] MainUpdater:289 - Updater Check For Update Now.
2025-05-03 07:05:53,746 [INFO] MicroXplorer:498 - Change Database Version : DB.6.0.141
2025-05-03 07:05:53,774 [INFO] McuFinderGlobals:63 - Set McuFinder mode to 2 (CubeIDE integrated)
2025-05-03 07:05:53,774 [INFO] UserAuth:171 - activating auth plugin
2025-05-03 07:05:53,778 [INFO] UserAuth:484 - Internet connection configuration mode: 1
2025-05-03 07:05:53,825 [INFO] JxBrowserEngine:152 - Initiate JxBrowser Engine with user profile folder
2025-05-03 07:05:55,978 [INFO] WebApp:169 - Instantiating new browser for Auth
2025-05-03 07:05:58,427 [INFO] WebApp:463 - Apply proxy settings
2025-05-03 07:05:58,427 [INFO] WebApp:548 - Chromium requires no authentication
2025-05-03 07:05:58,449 [INFO] WebApp:491 - Direct internet connection detected
2025-05-03 07:05:58,509 [INFO] WebApp:894 - Register for checkConnection events
2025-05-03 07:05:58,510 [INFO] WebApp:463 - Apply proxy settings
2025-05-03 07:05:58,510 [INFO] WebApp:548 - Chromium requires no authentication
2025-05-03 07:05:58,511 [INFO] WebApp:491 - Direct internet connection detected
2025-05-03 07:05:59,041 [INFO] WebApp:191 - Connection restablished
2025-05-03 07:05:59,056 [INFO] WebApp:225 - Starting web application
2025-05-03 07:05:59,056 [INFO] WebApp:593 - Web application path used C:\ST\STM32CubeIDE_1.18.1\STM32CubeIDE\plugins\com.st.stm32cube.common.mx_6.14.1.202504091515\db\plugins\mcufinder\reactClient1\index.html
2025-05-03 07:06:14,806 [ERROR] ServerAccessManage:1172 - Problem during Server Connection :  IO error Connection timed out: getsockopt
2025-05-03 07:06:14,808 [ERROR] ServerAccessManage:651 - Problem during Server Connection :  : updaters.zip.
2025-05-03 07:06:14,808 [WARN] LoadServerUpdatesThread:475 - Updater definition download error.
2025-05-03 07:06:14,862 [INFO] LoadServerUpdatesThread:375 - End of LoadServerUpdate Thread
2025-05-03 07:06:17,859 [INFO] CheckServerUpdateThread:120 - End of CheckServer Thread
2025-05-03 08:42:39,793 [INFO] WebApp:194 - Connection lost
