2025-04-28 06:56:22,938 [INFO] Activator:176 - 


2025-04-28 06:56:22,988 [INFO] Activator:177 - !SESSION log4j initialized
2025-04-28 06:57:31,412 [INFO] LogOutputStream:77 - [STDOUT_REDIRECT] 
2025-04-28 06:57:49,315 [INFO] ApplicationProperties:184 - Using Application install path: C:\ST\STM32CubeIDE_1.18.1\STM32CubeIDE\plugins\com.st.stm32cube.common.mx_6.14.1.202504091515
2025-04-28 06:57:49,381 [INFO] DbMcusXml:78 - Set database path to: C:\ST\STM32CubeIDE_1.18.1\STM32CubeIDE\plugins\com.st.stm32cube.common.mx_6.14.1.202504091515\\db\/mcu/
2025-04-28 06:57:49,383 [INFO] ApiDb:274 - Set plugin database path to: C:\ST\STM32CubeIDE_1.18.1\STM32CubeIDE\plugins\com.st.stm32cube.common.mx_6.14.1.202504091515\\db\/plugins/boardmanager/
2025-04-28 06:57:49,384 [WARN] ApiDb:259 - Overriding images path with different value:  => C:\ST\STM32CubeIDE_1.18.1\STM32CubeIDE\plugins\com.st.stm32cube.common.mx_6.14.1.202504091515\\db\/plugins/mcufinder/images/
2025-04-28 06:57:49,434 [INFO] ApiDb:250 - Set database path to: C:\Users\Hareesh\.stmcufinder\plugins\mcufinder//mcu/
2025-04-28 06:57:49,485 [INFO] DbMcusAds:125 - Set database path to: C:\Users\Hareesh\.stmcufinder\plugins\mcufinder//mcu/
2025-04-28 06:57:49,558 [INFO] CrossReferenceDbSqlite:203 - Set database path to: C:\Users\Hareesh\.stmcufinder\plugins\mcufinder//mcu/cs/
2025-04-28 06:57:52,931 [INFO] RulesReader:64 - Compatibility file has been processed (302 Rules)
2025-04-28 06:57:54,377 [INFO] DbMcusXml:78 - Set database path to: C:\ST\STM32CubeIDE_1.18.1\STM32CubeIDE\plugins\com.st.stm32cube.common.mx_6.14.1.202504091515\\db\/mcu/
2025-04-28 06:57:54,381 [INFO] ApiDb:274 - Set plugin database path to: C:\ST\STM32CubeIDE_1.18.1\STM32CubeIDE\plugins\com.st.stm32cube.common.mx_6.14.1.202504091515\\db\/plugins/boardmanager/
2025-04-28 06:57:54,393 [INFO] ApiDb:261 - Set plugin images path to: C:\ST\STM32CubeIDE_1.18.1\STM32CubeIDE\plugins\com.st.stm32cube.common.mx_6.14.1.202504091515\\db\/plugins/mcufinder/images/
2025-04-28 06:57:54,395 [WARN] DbFile:41 - Overriding database path with different value: C:\Users\Hareesh\.stmcufinder\plugins\mcufinder/ => C:\Users\Hareesh\.stmcufinder\plugins\mcufinder
2025-04-28 06:57:54,397 [INFO] ApiDb:250 - Set database path to: C:\Users\Hareesh\.stmcufinder\plugins\mcufinder//mcu/
2025-04-28 06:57:54,397 [WARN] DbFile:41 - Overriding database path with different value: C:\Users\Hareesh\.stmcufinder\plugins\mcufinder/ => C:\Users\Hareesh\.stmcufinder\plugins\mcufinder
2025-04-28 06:57:54,397 [INFO] DbMcusAds:125 - Set database path to: C:\Users\Hareesh\.stmcufinder\plugins\mcufinder//mcu/
2025-04-28 06:57:54,397 [WARN] DbFile:41 - Overriding database path with different value: C:\Users\Hareesh\.stmcufinder\plugins\mcufinder/ => C:\Users\Hareesh\.stmcufinder\plugins\mcufinder
2025-04-28 06:57:54,397 [WARN] DbFile:41 - Overriding database path with different value: C:\Users\Hareesh\.stmcufinder\plugins\mcufinder/ => C:\Users\Hareesh\.stmcufinder\plugins\mcufinder
2025-04-28 06:57:54,399 [INFO] CrossReferenceDbSqlite:203 - Set database path to: C:\Users\Hareesh\.stmcufinder\plugins\mcufinder//mcu/cs/
2025-04-28 06:57:55,335 [INFO] MainPanel:272 - HeapMemory: 268435456
2025-04-28 06:57:57,958 [INFO] DbMcusXml:78 - Set database path to: C:\ST\STM32CubeIDE_1.18.1\STM32CubeIDE\plugins\com.st.stm32cube.common.mx_6.14.1.202504091515\\db\/mcu/
2025-04-28 06:57:57,958 [INFO] ApiDb:274 - Set plugin database path to: C:\ST\STM32CubeIDE_1.18.1\STM32CubeIDE\plugins\com.st.stm32cube.common.mx_6.14.1.202504091515\\db\/plugins/boardmanager/
2025-04-28 06:57:57,958 [INFO] ApiDb:261 - Set plugin images path to: C:\ST\STM32CubeIDE_1.18.1\STM32CubeIDE\plugins\com.st.stm32cube.common.mx_6.14.1.202504091515\\db\/plugins/mcufinder/images/
2025-04-28 06:57:57,963 [WARN] DbFile:41 - Overriding database path with different value: C:\Users\Hareesh\.stmcufinder\plugins\mcufinder/ => C:\Users\Hareesh\.stmcufinder\plugins\mcufinder
2025-04-28 06:57:57,963 [INFO] ApiDb:250 - Set database path to: C:\Users\Hareesh\.stmcufinder\plugins\mcufinder//mcu/
2025-04-28 06:57:57,963 [WARN] DbFile:41 - Overriding database path with different value: C:\Users\Hareesh\.stmcufinder\plugins\mcufinder/ => C:\Users\Hareesh\.stmcufinder\plugins\mcufinder
2025-04-28 06:57:57,963 [INFO] DbMcusAds:125 - Set database path to: C:\Users\Hareesh\.stmcufinder\plugins\mcufinder//mcu/
2025-04-28 06:57:57,978 [WARN] DbFile:41 - Overriding database path with different value: C:\Users\Hareesh\.stmcufinder\plugins\mcufinder/ => C:\Users\Hareesh\.stmcufinder\plugins\mcufinder
2025-04-28 06:57:57,978 [WARN] DbFile:41 - Overriding database path with different value: C:\Users\Hareesh\.stmcufinder\plugins\mcufinder/ => C:\Users\Hareesh\.stmcufinder\plugins\mcufinder
2025-04-28 06:57:57,998 [INFO] CrossReferenceDbSqlite:203 - Set database path to: C:\Users\Hareesh\.stmcufinder\plugins\mcufinder//mcu/cs/
2025-04-28 06:57:58,597 [INFO] ApplicationProperties:184 - Using Application install path: C:\ST\STM32CubeIDE_1.18.1\STM32CubeIDE\plugins\com.st.stm32cube.common.mx_6.14.1.202504091515
2025-04-28 06:57:58,608 [INFO] PluginManage:196 - Search for loadable plugins [exclusion list=, ]
2025-04-28 06:57:58,613 [INFO] PluginManage:310 - Check plugin analytics
2025-04-28 06:58:01,217 [INFO] AnalyticsPlugin:253 - Accepted Software Licenses: 
2025-04-28 06:58:01,221 [INFO] AnalyticsPlugin:255 - Accepted CMSIS Pack Licenses: 
2025-04-28 06:58:01,221 [INFO] AnalyticsPlugin:257 - Accepted Firmware Licenses: 
2025-04-28 06:58:01,227 [INFO] PluginManage:359 - Loaded plugin analytics (category:tool,tabindex:-1)
2025-04-28 06:58:01,229 [INFO] PluginManage:310 - Check plugin cadmodel
2025-04-28 06:58:01,273 [INFO] CADModel:105 - Init CAD model plugin
2025-04-28 06:58:01,273 [INFO] PluginManage:359 - Loaded plugin cadmodel (category:power,tabindex:5)
2025-04-28 06:58:01,275 [INFO] PluginManage:310 - Check plugin clock
2025-04-28 06:58:01,333 [INFO] PluginManage:359 - Loaded plugin clock (category:base,tabindex:2)
2025-04-28 06:58:01,333 [INFO] PluginManage:310 - Check plugin ddr
2025-04-28 06:58:01,347 [INFO] PluginManage:359 - Loaded plugin ddr (category:tool,tabindex:6)
2025-04-28 06:58:01,355 [INFO] PluginManage:310 - Check plugin filemanager
2025-04-28 06:58:01,998 [INFO] PluginManage:359 - Loaded plugin filemanager (category:base,tabindex:10)
2025-04-28 06:58:01,998 [INFO] PluginManage:310 - Check plugin ipmanager
2025-04-28 06:58:02,029 [INFO] PluginManage:359 - Loaded plugin ipmanager (category:base,tabindex:5)
2025-04-28 06:58:02,029 [INFO] PluginManage:310 - Check plugin lpbam
2025-04-28 06:58:02,075 [INFO] PluginManage:359 - Loaded plugin lpbam (category:base,tabindex:0)
2025-04-28 06:58:02,075 [INFO] PluginManage:310 - Check plugin memorymap
2025-04-28 06:58:02,147 [INFO] PluginManage:359 - Loaded plugin memorymap (category:base,tabindex:4)
2025-04-28 06:58:02,147 [INFO] PluginManage:310 - Check plugin pinoutandconfiguration
2025-04-28 06:58:02,193 [INFO] PluginManage:359 - Loaded plugin pinoutandconfiguration (category:base,tabindex:1)
2025-04-28 06:58:02,193 [INFO] PluginManage:310 - Check plugin pinoutconfig
2025-04-28 06:58:02,557 [WARN] SupportedApi:132 - Cannot load RTOS API schema: s4s-elt-must-match.1: The content of 'definitions' must match (annotation?, (simpleType | complexType)?, (unique | key | keyref)*)). A problem was found starting at: attribute.
2025-04-28 06:58:03,655 [INFO] PluginManage:359 - Loaded plugin pinoutconfig (category:base,tabindex:0)
2025-04-28 06:58:03,657 [INFO] PluginManage:310 - Check plugin power
2025-04-28 06:58:03,727 [INFO] PluginManage:359 - Loaded plugin power (category:power,tabindex:4)
2025-04-28 06:58:03,727 [INFO] PluginManage:310 - Check plugin projectmanager
2025-04-28 06:58:03,829 [INFO] PluginManage:359 - Loaded plugin projectmanager (category:projectmanager,tabindex:4)
2025-04-28 06:58:03,829 [INFO] PluginManage:310 - Check plugin rif
2025-04-28 06:58:03,865 [INFO] PluginManage:359 - Loaded plugin rif (category:base,tabindex:3)
2025-04-28 06:58:03,865 [INFO] PluginManage:310 - Check plugin thirdparty
2025-04-28 06:58:04,549 [INFO] PluginManage:359 - Loaded plugin thirdparty (category:base,tabindex:-1)
2025-04-28 06:58:04,549 [INFO] PluginManage:310 - Check plugin tools
2025-04-28 06:58:04,547 [WARN] IntegrityCheckThread:84 - waiting for thirdparty lock release [integrity check]
2025-04-28 06:58:04,549 [INFO] IntegrityCheckThread:86 - entering critical section [integrity check]
2025-04-28 06:58:04,549 [INFO] ThirdPartyUpdaterWithRetryManager:70 - Updater plugin not ready yet. [1/15]
2025-04-28 06:58:04,630 [INFO] PluginManage:359 - Loaded plugin tools (category:base,tabindex:7)
2025-04-28 06:58:04,630 [INFO] PluginManage:310 - Check plugin tutovideos
2025-04-28 06:58:05,113 [INFO] PluginManage:359 - Loaded plugin tutovideos (category:base,tabindex:-1)
2025-04-28 06:58:05,115 [INFO] PluginManage:310 - Check plugin updater
2025-04-28 06:58:05,181 [INFO] PluginManage:359 - Loaded plugin updater (category:base,tabindex:12)
2025-04-28 06:58:05,181 [INFO] PluginManage:310 - Check plugin userauth
2025-04-28 06:58:05,191 [INFO] UserAuth:118 - Init User Auth plugin
2025-04-28 06:58:05,193 [INFO] PluginManage:359 - Loaded plugin userauth (category:base,tabindex:14)
2025-04-28 06:58:05,193 [INFO] PluginManage:283 - PluginManage : Loaded plugins [18]
2025-04-28 06:58:05,888 [INFO] PinOutPanel:1589 - setPackage(No Configuration,No Configuration)
2025-04-28 06:58:06,070 [INFO] CADModel:165 - CPN selected for project level
2025-04-28 06:58:06,071 [INFO] CADModel:114 - Register for checkConnection events
2025-04-28 06:58:06,118 [INFO] IPUIPlugin:80 - create IPUIPlugin
2025-04-28 06:58:06,118 [INFO] PluginManager:220 - loadIPPluginJar : add adc
2025-04-28 06:58:06,194 [INFO] IPUIPlugin:80 - create IPUIPlugin
2025-04-28 06:58:06,195 [INFO] PluginManager:220 - loadIPPluginJar : add aes
2025-04-28 06:58:06,277 [INFO] IPUIPlugin:80 - create IPUIPlugin
2025-04-28 06:58:06,277 [INFO] PluginManager:220 - loadIPPluginJar : add can
2025-04-28 06:58:06,329 [INFO] IPUIPlugin:80 - create IPUIPlugin
2025-04-28 06:58:06,329 [INFO] PluginManager:220 - loadIPPluginJar : add comp
2025-04-28 06:58:06,397 [INFO] IPUIPlugin:80 - create IPUIPlugin
2025-04-28 06:58:06,398 [INFO] PluginManager:220 - loadIPPluginJar : add cryp
2025-04-28 06:58:06,420 [INFO] IPUIPlugin:80 - create IPUIPlugin
2025-04-28 06:58:06,421 [INFO] PluginManager:220 - loadIPPluginJar : add ddr_ctrl_phy
2025-04-28 06:58:06,485 [INFO] IPUIPlugin:80 - create IPUIPlugin
2025-04-28 06:58:06,485 [INFO] PluginManager:220 - loadIPPluginJar : add dfsdm
2025-04-28 06:58:06,516 [INFO] IPUIPlugin:80 - create IPUIPlugin
2025-04-28 06:58:06,517 [INFO] PluginManager:220 - loadIPPluginJar : add dma
2025-04-28 06:58:06,604 [INFO] IPUIPlugin:80 - create IPUIPlugin
2025-04-28 06:58:06,605 [INFO] PluginManager:220 - loadIPPluginJar : add dma3
2025-04-28 06:58:06,715 [INFO] IPUIPlugin:80 - create IPUIPlugin
2025-04-28 06:58:06,716 [INFO] PluginManager:220 - loadIPPluginJar : add extmemmanager
2025-04-28 06:58:06,776 [INFO] IPUIPlugin:80 - create IPUIPlugin
2025-04-28 06:58:06,776 [INFO] PluginManager:220 - loadIPPluginJar : add fatfs
2025-04-28 06:58:06,922 [INFO] IPUIPlugin:80 - create IPUIPlugin
2025-04-28 06:58:06,922 [INFO] PluginManager:220 - loadIPPluginJar : add fmc
2025-04-28 06:58:06,978 [INFO] IPUIPlugin:80 - create IPUIPlugin
2025-04-28 06:58:06,979 [INFO] PluginManager:220 - loadIPPluginJar : add freertos
2025-04-28 06:58:07,029 [INFO] IPUIPlugin:80 - create IPUIPlugin
2025-04-28 06:58:07,029 [INFO] PluginManager:220 - loadIPPluginJar : add genericplugin
2025-04-28 06:58:07,257 [INFO] IPUIPlugin:80 - create IPUIPlugin
2025-04-28 06:58:07,257 [INFO] PluginManager:220 - loadIPPluginJar : add gfxmmu
2025-04-28 06:58:07,570 [INFO] ThirdPartyUpdaterWithRetryManager:70 - Updater plugin not ready yet. [2/15]
2025-04-28 06:58:07,578 [INFO] IPUIPlugin:80 - create IPUIPlugin
2025-04-28 06:58:07,579 [INFO] PluginManager:220 - loadIPPluginJar : add gic
2025-04-28 06:58:07,607 [INFO] IPUIPlugin:80 - create IPUIPlugin
2025-04-28 06:58:07,607 [INFO] PluginManager:220 - loadIPPluginJar : add gpio
2025-04-28 06:58:07,828 [INFO] IPUIPlugin:80 - create IPUIPlugin
2025-04-28 06:58:07,828 [INFO] PluginManager:220 - loadIPPluginJar : add gtzc
2025-04-28 06:58:07,897 [INFO] IPUIPlugin:80 - create IPUIPlugin
2025-04-28 06:58:07,898 [INFO] PluginManager:220 - loadIPPluginJar : add hash
2025-04-28 06:58:08,017 [INFO] IPUIPlugin:80 - create IPUIPlugin
2025-04-28 06:58:08,017 [INFO] PluginManager:220 - loadIPPluginJar : add i2c
2025-04-28 06:58:08,120 [INFO] IPUIPlugin:80 - create IPUIPlugin
2025-04-28 06:58:08,121 [INFO] PluginManager:220 - loadIPPluginJar : add i2s
2025-04-28 06:58:08,223 [INFO] IPUIPlugin:80 - create IPUIPlugin
2025-04-28 06:58:08,228 [INFO] PluginManager:220 - loadIPPluginJar : add i3c
2025-04-28 06:58:08,504 [INFO] IPUIPlugin:80 - create IPUIPlugin
2025-04-28 06:58:08,505 [INFO] PluginManager:220 - loadIPPluginJar : add ipddr
2025-04-28 06:58:08,703 [INFO] IPUIPlugin:80 - create IPUIPlugin
2025-04-28 06:58:08,705 [INFO] PluginManager:220 - loadIPPluginJar : add linkedlist
2025-04-28 06:58:08,780 [INFO] IPUIPlugin:80 - create IPUIPlugin
2025-04-28 06:58:08,781 [INFO] PluginManager:220 - loadIPPluginJar : add lorawan
2025-04-28 06:58:08,854 [INFO] IPUIPlugin:80 - create IPUIPlugin
2025-04-28 06:58:08,855 [INFO] PluginManager:220 - loadIPPluginJar : add ltdc
2025-04-28 06:58:08,881 [INFO] IPUIPlugin:80 - create IPUIPlugin
2025-04-28 06:58:08,881 [INFO] PluginManager:220 - loadIPPluginJar : add mdma
2025-04-28 06:58:08,905 [INFO] IPUIPlugin:80 - create IPUIPlugin
2025-04-28 06:58:08,905 [INFO] PluginManager:220 - loadIPPluginJar : add nvic
2025-04-28 06:58:08,981 [INFO] IPUIPlugin:80 - create IPUIPlugin
2025-04-28 06:58:08,981 [INFO] PluginManager:220 - loadIPPluginJar : add opamp
2025-04-28 06:58:09,109 [INFO] IPUIPlugin:80 - create IPUIPlugin
2025-04-28 06:58:09,110 [INFO] PluginManager:220 - loadIPPluginJar : add openamp
2025-04-28 06:58:09,213 [INFO] IPUIPlugin:80 - create IPUIPlugin
2025-04-28 06:58:09,214 [INFO] PluginManager:220 - loadIPPluginJar : add pdm2pcm
2025-04-28 06:58:09,241 [INFO] IPUIPlugin:80 - create IPUIPlugin
2025-04-28 06:58:09,245 [INFO] PluginManager:220 - loadIPPluginJar : add plateformsettings
2025-04-28 06:58:09,293 [INFO] IPUIPlugin:80 - create IPUIPlugin
2025-04-28 06:58:09,293 [INFO] PluginManager:220 - loadIPPluginJar : add quadspi
2025-04-28 06:58:09,346 [INFO] IPUIPlugin:80 - create IPUIPlugin
2025-04-28 06:58:09,347 [INFO] PluginManager:220 - loadIPPluginJar : add radio
2025-04-28 06:58:09,372 [INFO] IPUIPlugin:80 - create IPUIPlugin
2025-04-28 06:58:09,373 [INFO] PluginManager:220 - loadIPPluginJar : add resmgrutility
2025-04-28 06:58:09,470 [INFO] IPUIPlugin:80 - create IPUIPlugin
2025-04-28 06:58:09,470 [INFO] PluginManager:220 - loadIPPluginJar : add sai
2025-04-28 06:58:09,552 [INFO] IPUIPlugin:80 - create IPUIPlugin
2025-04-28 06:58:09,552 [INFO] PluginManager:220 - loadIPPluginJar : add spi
2025-04-28 06:58:09,704 [INFO] IPUIPlugin:80 - create IPUIPlugin
2025-04-28 06:58:09,704 [INFO] PluginManager:220 - loadIPPluginJar : add stm32_wpan
2025-04-28 06:58:09,753 [INFO] IPUIPlugin:80 - create IPUIPlugin
2025-04-28 06:58:09,753 [INFO] PluginManager:220 - loadIPPluginJar : add tim
2025-04-28 06:58:09,875 [INFO] IPUIPlugin:80 - create IPUIPlugin
2025-04-28 06:58:09,875 [INFO] PluginManager:220 - loadIPPluginJar : add touchsensing
2025-04-28 06:58:09,938 [INFO] IPUIPlugin:80 - create IPUIPlugin
2025-04-28 06:58:09,939 [INFO] PluginManager:220 - loadIPPluginJar : add tracer_emb
2025-04-28 06:58:10,010 [INFO] IPUIPlugin:80 - create IPUIPlugin
2025-04-28 06:58:10,010 [INFO] PluginManager:220 - loadIPPluginJar : add ts
2025-04-28 06:58:10,072 [INFO] IPUIPlugin:80 - create IPUIPlugin
2025-04-28 06:58:10,073 [INFO] PluginManager:220 - loadIPPluginJar : add tsc
2025-04-28 06:58:10,128 [INFO] IPUIPlugin:80 - create IPUIPlugin
2025-04-28 06:58:10,128 [INFO] PluginManager:220 - loadIPPluginJar : add ucpd
2025-04-28 06:58:10,239 [INFO] IPUIPlugin:80 - create IPUIPlugin
2025-04-28 06:58:10,240 [INFO] PluginManager:220 - loadIPPluginJar : add usart
2025-04-28 06:58:10,344 [INFO] IPUIPlugin:80 - create IPUIPlugin
2025-04-28 06:58:10,344 [INFO] PluginManager:220 - loadIPPluginJar : add usbx
2025-04-28 06:58:10,571 [INFO] ThirdPartyUpdaterWithRetryManager:70 - Updater plugin not ready yet. [3/15]
2025-04-28 06:58:10,908 [FATAL] Updater:351 - Updater called before beeing initialized
2025-04-28 06:58:11,167 [INFO] RulesReader:64 - Compatibility file has been processed (302 Rules)
2025-04-28 06:58:11,207 [INFO] RulesReader:64 - Compatibility file has been processed (302 Rules)
2025-04-28 06:58:11,283 [INFO] CADModel:165 - CPN selected for project level
2025-04-28 06:58:11,283 [INFO] CADModel:114 - Register for checkConnection events
2025-04-28 06:58:11,287 [FATAL] Updater:351 - Updater called before beeing initialized
2025-04-28 06:58:11,289 [ERROR] CADModel:125 - Updater not yet initialized, retry later 
2025-04-28 06:58:11,964 [FATAL] Updater:351 - Updater called before beeing initialized
2025-04-28 06:58:11,970 [INFO] CADModel:165 - CPN selected for project level
2025-04-28 06:58:11,970 [INFO] CADModel:114 - Register for checkConnection events
2025-04-28 06:58:11,970 [FATAL] Updater:351 - Updater called before beeing initialized
2025-04-28 06:58:11,970 [ERROR] CADModel:125 - Updater not yet initialized, retry later 
2025-04-28 06:58:12,006 [FATAL] Updater:351 - Updater called before beeing initialized
2025-04-28 06:58:12,412 [FATAL] Updater:351 - Updater called before beeing initialized
2025-04-28 06:58:12,432 [INFO] DbMcusAds:53 - JSON generation date=Thu Mar 06 20:24:22 IST 2025 (1741272862204)
2025-04-28 06:58:12,432 [FATAL] Updater:351 - Updater called before beeing initialized
2025-04-28 06:58:12,505 [WARN] DetailPanel:346 - Failed to get advertising image, set to default
2025-04-28 06:58:13,054 [FATAL] Updater:351 - Updater called before beeing initialized
2025-04-28 06:58:13,072 [FATAL] Updater:351 - Updater called before beeing initialized
2025-04-28 06:58:13,073 [FATAL] Updater:351 - Updater called before beeing initialized
2025-04-28 06:58:13,073 [WARN] DetailPanel:346 - Failed to get advertising image, set to default
2025-04-28 06:58:13,080 [FATAL] Updater:351 - Updater called before beeing initialized
2025-04-28 06:58:13,239 [ERROR] Updater:1198 - MainUpdater not yet initialized. External WinMGr cannot be set.
2025-04-28 06:58:13,257 [INFO] Updater:1134 - Updater Version found : 6.14.1
2025-04-28 06:58:13,290 [INFO] ApplicationProperties:184 - Using Application install path: C:\ST\STM32CubeIDE_1.18.1\STM32CubeIDE\plugins\com.st.stm32cube.common.mx_6.14.1.202504091515
2025-04-28 06:58:13,576 [FATAL] Updater:351 - Updater called before beeing initialized
2025-04-28 06:58:13,576 [ERROR] IntegrityCheckThread:130 - Cannot retrieve database content from updater: error 21
2025-04-28 06:58:13,577 [INFO] ThirdParty:978 - Integrity check success = false
2025-04-28 06:58:13,577 [INFO] IntegrityCheckThread:100 - exiting critical section [integrity check]
2025-04-28 06:58:13,577 [INFO] IntegrityCheckThread:103 - End integrity checks thread
2025-04-28 06:58:14,980 [ERROR] LogOutputStream:75 - [STDERR_REDIRECT] Apr 28, 2025 6:58:14 AM java.util.prefs.WindowsPreferences <init>
2025-04-28 06:58:14,990 [ERROR] LogOutputStream:75 - [STDERR_REDIRECT] WARNING: Could not open/create prefs root node Software\JavaSoft\Prefs at root 0xffffffff80000002. Windows RegCreateKeyEx(...) returned error code 5.
2025-04-28 06:58:14,990 [ERROR] LogOutputStream:75 - [STDERR_REDIRECT] 
2025-04-28 06:58:16,348 [INFO] MainUpdater:2872 - connection check result : 10
2025-04-28 06:58:16,349 [INFO] MainUpdater:3566 - Updater definition file requires update
2025-04-28 06:58:16,352 [INFO] MainUpdater:289 - Updater Check For Update Now.
2025-04-28 06:58:16,353 [INFO] MicroXplorer:498 - Change Database Version : DB.6.0.141
2025-04-28 06:58:16,410 [INFO] McuFinderGlobals:63 - Set McuFinder mode to 2 (CubeIDE integrated)
2025-04-28 06:58:16,411 [INFO] UserAuth:171 - activating auth plugin
2025-04-28 06:58:16,418 [INFO] UserAuth:484 - Internet connection configuration mode: 1
2025-04-28 06:58:16,513 [INFO] JxBrowserEngine:152 - Initiate JxBrowser Engine with user profile folder
2025-04-28 06:58:16,761 [INFO] ServerAccessManage:473 - Download File updaters.zip
2025-04-28 06:58:17,898 [INFO] FileExtend:242 - Unzip File : updaters.zip
2025-04-28 06:58:17,898 [INFO] FileExtend:257 - Standard Zip Deflate
2025-04-28 06:58:35,809 [INFO] ServerAccessManage:473 - Download File PacksControlFlags.xml
2025-04-28 06:58:36,554 [INFO] ServerAccessManage:473 - Download File cubemx.pidx
2025-04-28 06:58:37,328 [INFO] LoadServerUpdatesThread:375 - End of LoadServerUpdate Thread
2025-04-28 06:58:37,822 [INFO] WebApp:169 - Instantiating new browser for Auth
2025-04-28 06:58:38,922 [INFO] CheckServerUpdateThread:120 - End of CheckServer Thread
2025-04-28 06:58:42,680 [INFO] WebApp:463 - Apply proxy settings
2025-04-28 06:58:42,682 [INFO] WebApp:548 - Chromium requires no authentication
2025-04-28 06:58:42,742 [INFO] WebApp:491 - Direct internet connection detected
2025-04-28 06:58:42,930 [INFO] WebApp:894 - Register for checkConnection events
2025-04-28 06:58:42,930 [INFO] WebApp:463 - Apply proxy settings
2025-04-28 06:58:42,930 [INFO] WebApp:548 - Chromium requires no authentication
2025-04-28 06:58:42,932 [INFO] WebApp:491 - Direct internet connection detected
2025-04-28 06:58:44,082 [INFO] WebApp:191 - Connection restablished
2025-04-28 06:58:46,864 [INFO] WebApp:225 - Starting web application
2025-04-28 06:58:46,864 [INFO] WebApp:593 - Web application path used C:\ST\STM32CubeIDE_1.18.1\STM32CubeIDE\plugins\com.st.stm32cube.common.mx_6.14.1.202504091515\db\plugins\mcufinder\reactClient1\index.html
2025-04-28 08:24:51,116 [ERROR] LogOutputStream:75 - [STDERR_REDIRECT] 
2025-04-28 08:24:51,126 [ERROR] LogOutputStream:75 - [STDERR_REDIRECT] 
